[02-Jan-2026 21:18:24 Europe/Warsaw] db_schema: cannot alter uzytkownicy (imap_host): SQLSTATE[42S21]: Column already exists: 1060 Duplicate column name 'imap_host'
[02-Jan-2026 21:18:24 Europe/Warsaw] db_schema: cannot alter uzytkownicy (imap_port): SQLSTATE[42S21]: Column already exists: 1060 Duplicate column name 'imap_port'
[02-Jan-2026 21:18:24 Europe/Warsaw] db_schema: cannot alter uzytkownicy (imap_user): SQLSTATE[42S21]: Column already exists: 1060 Duplicate column name 'imap_user'
[02-Jan-2026 21:18:24 Europe/Warsaw] db_schema: cannot alter uzytkownicy (imap_pass_enc): SQLSTATE[42S21]: Column already exists: 1060 Duplicate column name 'imap_pass_enc'
[02-Jan-2026 21:18:24 Europe/Warsaw] db_schema: cannot alter uzytkownicy (imap_secure): SQLSTATE[42S21]: Column already exists: 1060 Duplicate column name 'imap_secure'
[02-Jan-2026 21:18:24 Europe/Warsaw] db_schema: cannot alter uzytkownicy (imap_enabled): SQLSTATE[42S21]: Column already exists: 1060 Duplicate column name 'imap_enabled'
[02-Jan-2026 21:18:24 Europe/Warsaw] db_schema: cannot alter uzytkownicy (imap_mailbox): SQLSTATE[42S21]: Column already exists: 1060 Duplicate column name 'imap_mailbox'
[02-Jan-2026 21:18:24 Europe/Warsaw] db_schema: cannot alter uzytkownicy (imap_last_uid): SQLSTATE[42S21]: Column already exists: 1060 Duplicate column name 'imap_last_uid'
[02-Jan-2026 21:18:24 Europe/Warsaw] db_schema: cannot alter uzytkownicy (imap_last_sync_at): SQLSTATE[42S21]: Column already exists: 1060 Duplicate column name 'imap_last_sync_at'
[02-Jan-2026 21:18:24 Europe/Warsaw] db_schema: cannot alter uzytkownicy (imap_host): SQLSTATE[42S21]: Column already exists: 1060 Duplicate column name 'imap_host'
[02-Jan-2026 21:18:24 Europe/Warsaw] db_schema: cannot alter uzytkownicy (imap_port): SQLSTATE[42S21]: Column already exists: 1060 Duplicate column name 'imap_port'
[02-Jan-2026 21:18:24 Europe/Warsaw] db_schema: cannot alter uzytkownicy (imap_user): SQLSTATE[42S21]: Column already exists: 1060 Duplicate column name 'imap_user'
[02-Jan-2026 21:18:24 Europe/Warsaw] db_schema: cannot alter uzytkownicy (imap_pass_enc): SQLSTATE[42S21]: Column already exists: 1060 Duplicate column name 'imap_pass_enc'
[02-Jan-2026 21:18:24 Europe/Warsaw] db_schema: cannot alter uzytkownicy (imap_secure): SQLSTATE[42S21]: Column already exists: 1060 Duplicate column name 'imap_secure'
[02-Jan-2026 21:18:24 Europe/Warsaw] db_schema: cannot alter uzytkownicy (imap_enabled): SQLSTATE[42S21]: Column already exists: 1060 Duplicate column name 'imap_enabled'
[02-Jan-2026 21:18:24 Europe/Warsaw] db_schema: cannot alter uzytkownicy (imap_mailbox): SQLSTATE[42S21]: Column already exists: 1060 Duplicate column name 'imap_mailbox'
[02-Jan-2026 21:18:24 Europe/Warsaw] db_schema: cannot alter uzytkownicy (imap_last_uid): SQLSTATE[42S21]: Column already exists: 1060 Duplicate column name 'imap_last_uid'
[02-Jan-2026 21:18:24 Europe/Warsaw] db_schema: cannot alter uzytkownicy (imap_last_sync_at): SQLSTATE[42S21]: Column already exists: 1060 Duplicate column name 'imap_last_sync_at'
[02-Jan-2026 21:18:24 Europe/Warsaw] db_schema: cannot alter uzytkownicy (imap_host): SQLSTATE[42S21]: Column already exists: 1060 Duplicate column name 'imap_host'
[02-Jan-2026 21:18:24 Europe/Warsaw] db_schema: cannot alter uzytkownicy (imap_port): SQLSTATE[42S21]: Column already exists: 1060 Duplicate column name 'imap_port'
[02-Jan-2026 21:18:24 Europe/Warsaw] db_schema: cannot alter uzytkownicy (imap_user): SQLSTATE[42S21]: Column already exists: 1060 Duplicate column name 'imap_user'
[02-Jan-2026 21:18:24 Europe/Warsaw] db_schema: cannot alter uzytkownicy (imap_pass_enc): SQLSTATE[42S21]: Column already exists: 1060 Duplicate column name 'imap_pass_enc'
[02-Jan-2026 21:18:24 Europe/Warsaw] db_schema: cannot alter uzytkownicy (imap_secure): SQLSTATE[42S21]: Column already exists: 1060 Duplicate column name 'imap_secure'
[02-Jan-2026 21:18:24 Europe/Warsaw] db_schema: cannot alter uzytkownicy (imap_enabled): SQLSTATE[42S21]: Column already exists: 1060 Duplicate column name 'imap_enabled'
[02-Jan-2026 21:18:24 Europe/Warsaw] db_schema: cannot alter uzytkownicy (imap_mailbox): SQLSTATE[42S21]: Column already exists: 1060 Duplicate column name 'imap_mailbox'
[02-Jan-2026 21:18:24 Europe/Warsaw] db_schema: cannot alter uzytkownicy (imap_last_uid): SQLSTATE[42S21]: Column already exists: 1060 Duplicate column name 'imap_last_uid'
[02-Jan-2026 21:18:24 Europe/Warsaw] db_schema: cannot alter uzytkownicy (imap_last_sync_at): SQLSTATE[42S21]: Column already exists: 1060 Duplicate column name 'imap_last_sync_at'
[03-Jan-2026 20:09:33 Europe/Warsaw] PHP Notice:  PHP Startup: Ignoring session_start() because a session is already active (started from /crm/public/includes/auth.php on line 7) in /crm/public/dodaj_lead.php on line 5
[03-Jan-2026 20:11:41 Europe/Warsaw] PHP Notice:  PHP Startup: Ignoring session_start() because a session is already active (started from /crm/public/includes/auth.php on line 7) in /crm/public/dodaj_lead.php on line 5
[03-Jan-2026 20:11:51 Europe/Warsaw] PHP Notice:  PHP Startup: Ignoring session_start() because a session is already active (started from /crm/public/includes/auth.php on line 7) in /crm/public/dodaj_lead.php on line 5
[03-Jan-2026 20:13:15 Europe/Warsaw] PHP Notice:  PHP Startup: Ignoring session_start() because a session is already active (started from /crm/public/includes/auth.php on line 7) in /crm/public/dodaj_lead.php on line 5
[03-Jan-2026 20:13:41 Europe/Warsaw] PHP Notice:  PHP Startup: Ignoring session_start() because a session is already active (started from /crm/public/includes/auth.php on line 7) in /crm/public/dodaj_lead.php on line 5
[03-Jan-2026 22:27:20 Europe/Warsaw] db_schema: cannot alter crm_aktywnosci (temat): SQLSTATE[42S21]: Column already exists: 1060 Duplicate column name 'temat'
[03-Jan-2026 22:27:20 Europe/Warsaw] db_schema: cannot alter crm_aktywnosci (meta_json): SQLSTATE[42S21]: Column already exists: 1060 Duplicate column name 'meta_json'
[03-Jan-2026 23:40:19 Europe/Warsaw] db_schema: cannot alter leady (kontakt_imie_nazwisko): SQLSTATE[42S21]: Column already exists: 1060 Duplicate column name 'kontakt_imie_nazwisko'
[03-Jan-2026 23:40:19 Europe/Warsaw] db_schema: cannot alter leady (kontakt_stanowisko): SQLSTATE[42S21]: Column already exists: 1060 Duplicate column name 'kontakt_stanowisko'
[03-Jan-2026 23:40:19 Europe/Warsaw] db_schema: cannot alter leady (kontakt_telefon): SQLSTATE[42S21]: Column already exists: 1060 Duplicate column name 'kontakt_telefon'
[03-Jan-2026 23:40:19 Europe/Warsaw] db_schema: cannot alter leady (kontakt_email): SQLSTATE[42S21]: Column already exists: 1060 Duplicate column name 'kontakt_email'
[03-Jan-2026 23:40:19 Europe/Warsaw] db_schema: cannot alter leady (kontakt_preferencja): SQLSTATE[42S21]: Column already exists: 1060 Duplicate column name 'kontakt_preferencja'
[03-Jan-2026 23:40:19 Europe/Warsaw] db_schema: cannot alter leady (kontakt_imie_nazwisko): SQLSTATE[42S21]: Column already exists: 1060 Duplicate column name 'kontakt_imie_nazwisko'
[03-Jan-2026 23:40:19 Europe/Warsaw] db_schema: cannot alter leady (kontakt_stanowisko): SQLSTATE[42S21]: Column already exists: 1060 Duplicate column name 'kontakt_stanowisko'
[03-Jan-2026 23:40:19 Europe/Warsaw] db_schema: cannot alter leady (kontakt_telefon): SQLSTATE[42S21]: Column already exists: 1060 Duplicate column name 'kontakt_telefon'
[03-Jan-2026 23:40:19 Europe/Warsaw] db_schema: cannot alter leady (kontakt_email): SQLSTATE[42S21]: Column already exists: 1060 Duplicate column name 'kontakt_email'
[03-Jan-2026 23:40:19 Europe/Warsaw] db_schema: cannot alter leady (kontakt_preferencja): SQLSTATE[42S21]: Column already exists: 1060 Duplicate column name 'kontakt_preferencja'
[03-Jan-2026 23:40:19 Europe/Warsaw] db_schema: cannot alter leady (kontakt_imie_nazwisko): SQLSTATE[42S21]: Column already exists: 1060 Duplicate column name 'kontakt_imie_nazwisko'
[03-Jan-2026 23:40:19 Europe/Warsaw] db_schema: cannot alter leady (kontakt_stanowisko): SQLSTATE[42S21]: Column already exists: 1060 Duplicate column name 'kontakt_stanowisko'
[03-Jan-2026 23:40:19 Europe/Warsaw] db_schema: cannot alter leady (kontakt_telefon): SQLSTATE[42S21]: Column already exists: 1060 Duplicate column name 'kontakt_telefon'
[03-Jan-2026 23:40:19 Europe/Warsaw] db_schema: cannot alter leady (kontakt_email): SQLSTATE[42S21]: Column already exists: 1060 Duplicate column name 'kontakt_email'
[03-Jan-2026 23:40:19 Europe/Warsaw] db_schema: cannot alter leady (kontakt_preferencja): SQLSTATE[42S21]: Column already exists: 1060 Duplicate column name 'kontakt_preferencja'
[09-Jan-2026 12:06:45 Europe/Warsaw] PHP Warning:  Undefined array key "csrf_token" in /crm/public/generator_leadow.php on line 335
[09-Jan-2026 12:06:45 Europe/Warsaw] PHP Deprecated:  htmlspecialchars(): Passing null to parameter #1 ($string) of type string is deprecated in /crm/public/generator_leadow.php on line 335
[09-Jan-2026 12:06:45 Europe/Warsaw] PHP Warning:  Undefined array key "csrf_token" in /crm/public/generator_leadow.php on line 335
[09-Jan-2026 12:06:45 Europe/Warsaw] PHP Deprecated:  htmlspecialchars(): Passing null to parameter #1 ($string) of type string is deprecated in /crm/public/generator_leadow.php on line 335
[09-Jan-2026 12:06:45 Europe/Warsaw] PHP Warning:  Undefined array key "csrf_token" in /crm/public/generator_leadow.php on line 335
[09-Jan-2026 12:06:45 Europe/Warsaw] PHP Deprecated:  htmlspecialchars(): Passing null to parameter #1 ($string) of type string is deprecated in /crm/public/generator_leadow.php on line 335
[09-Jan-2026 12:06:45 Europe/Warsaw] PHP Warning:  Undefined array key "csrf_token" in /crm/public/generator_leadow.php on line 335
[09-Jan-2026 12:06:45 Europe/Warsaw] PHP Deprecated:  htmlspecialchars(): Passing null to parameter #1 ($string) of type string is deprecated in /crm/public/generator_leadow.php on line 335
[09-Jan-2026 12:06:45 Europe/Warsaw] PHP Warning:  Undefined array key "csrf_token" in /crm/public/generator_leadow.php on line 335
[09-Jan-2026 12:06:45 Europe/Warsaw] PHP Deprecated:  htmlspecialchars(): Passing null to parameter #1 ($string) of type string is deprecated in /crm/public/generator_leadow.php on line 335
[09-Jan-2026 12:06:45 Europe/Warsaw] PHP Warning:  Undefined array key "csrf_token" in /crm/public/generator_leadow.php on line 335
[09-Jan-2026 12:06:45 Europe/Warsaw] PHP Deprecated:  htmlspecialchars(): Passing null to parameter #1 ($string) of type string is deprecated in /crm/public/generator_leadow.php on line 335
[09-Jan-2026 12:06:45 Europe/Warsaw] PHP Warning:  Undefined array key "csrf_token" in /crm/public/generator_leadow.php on line 335
[09-Jan-2026 12:06:45 Europe/Warsaw] PHP Deprecated:  htmlspecialchars(): Passing null to parameter #1 ($string) of type string is deprecated in /crm/public/generator_leadow.php on line 335
[09-Jan-2026 12:06:45 Europe/Warsaw] PHP Warning:  Undefined array key "csrf_token" in /crm/public/generator_leadow.php on line 335
[09-Jan-2026 12:06:45 Europe/Warsaw] PHP Deprecated:  htmlspecialchars(): Passing null to parameter #1 ($string) of type string is deprecated in /crm/public/generator_leadow.php on line 335
[09-Jan-2026 12:06:45 Europe/Warsaw] PHP Warning:  Undefined array key "csrf_token" in /crm/public/generator_leadow.php on line 335
[09-Jan-2026 12:06:45 Europe/Warsaw] PHP Deprecated:  htmlspecialchars(): Passing null to parameter #1 ($string) of type string is deprecated in /crm/public/generator_leadow.php on line 335
[09-Jan-2026 12:06:45 Europe/Warsaw] PHP Warning:  Undefined array key "csrf_token" in /crm/public/generator_leadow.php on line 335
[09-Jan-2026 12:06:45 Europe/Warsaw] PHP Deprecated:  htmlspecialchars(): Passing null to parameter #1 ($string) of type string is deprecated in /crm/public/generator_leadow.php on line 335
[09-Jan-2026 12:06:45 Europe/Warsaw] PHP Warning:  Undefined array key "csrf_token" in /crm/public/generator_leadow.php on line 335
[09-Jan-2026 12:06:45 Europe/Warsaw] PHP Deprecated:  htmlspecialchars(): Passing null to parameter #1 ($string) of type string is deprecated in /crm/public/generator_leadow.php on line 335
[09-Jan-2026 12:06:45 Europe/Warsaw] PHP Warning:  Undefined array key "csrf_token" in /crm/public/generator_leadow.php on line 335
[09-Jan-2026 12:06:45 Europe/Warsaw] PHP Deprecated:  htmlspecialchars(): Passing null to parameter #1 ($string) of type string is deprecated in /crm/public/generator_leadow.php on line 335
[09-Jan-2026 12:06:45 Europe/Warsaw] PHP Warning:  Undefined array key "csrf_token" in /crm/public/generator_leadow.php on line 335
[09-Jan-2026 12:06:45 Europe/Warsaw] PHP Deprecated:  htmlspecialchars(): Passing null to parameter #1 ($string) of type string is deprecated in /crm/public/generator_leadow.php on line 335
[09-Jan-2026 12:06:45 Europe/Warsaw] PHP Warning:  Undefined array key "csrf_token" in /crm/public/generator_leadow.php on line 335
[09-Jan-2026 12:06:45 Europe/Warsaw] PHP Deprecated:  htmlspecialchars(): Passing null to parameter #1 ($string) of type string is deprecated in /crm/public/generator_leadow.php on line 335
[09-Jan-2026 12:06:45 Europe/Warsaw] PHP Warning:  Undefined array key "csrf_token" in /crm/public/generator_leadow.php on line 335
[09-Jan-2026 12:06:45 Europe/Warsaw] PHP Deprecated:  htmlspecialchars(): Passing null to parameter #1 ($string) of type string is deprecated in /crm/public/generator_leadow.php on line 335
[09-Jan-2026 12:06:45 Europe/Warsaw] PHP Warning:  Undefined array key "csrf_token" in /crm/public/generator_leadow.php on line 335
[09-Jan-2026 12:06:45 Europe/Warsaw] PHP Deprecated:  htmlspecialchars(): Passing null to parameter #1 ($string) of type string is deprecated in /crm/public/generator_leadow.php on line 335
[09-Jan-2026 12:06:45 Europe/Warsaw] PHP Warning:  Undefined array key "csrf_token" in /crm/public/generator_leadow.php on line 335
[09-Jan-2026 12:06:45 Europe/Warsaw] PHP Deprecated:  htmlspecialchars(): Passing null to parameter #1 ($string) of type string is deprecated in /crm/public/generator_leadow.php on line 335
[09-Jan-2026 12:06:45 Europe/Warsaw] PHP Warning:  Undefined array key "csrf_token" in /crm/public/generator_leadow.php on line 335
[09-Jan-2026 12:06:45 Europe/Warsaw] PHP Deprecated:  htmlspecialchars(): Passing null to parameter #1 ($string) of type string is deprecated in /crm/public/generator_leadow.php on line 335
[09-Jan-2026 12:06:45 Europe/Warsaw] PHP Warning:  Undefined array key "csrf_token" in /crm/public/generator_leadow.php on line 335
[09-Jan-2026 12:06:45 Europe/Warsaw] PHP Deprecated:  htmlspecialchars(): Passing null to parameter #1 ($string) of type string is deprecated in /crm/public/generator_leadow.php on line 335
[09-Jan-2026 12:06:45 Europe/Warsaw] PHP Warning:  Undefined array key "csrf_token" in /crm/public/generator_leadow.php on line 335
[09-Jan-2026 12:06:45 Europe/Warsaw] PHP Deprecated:  htmlspecialchars(): Passing null to parameter #1 ($string) of type string is deprecated in /crm/public/generator_leadow.php on line 335
[09-Jan-2026 12:06:45 Europe/Warsaw] PHP Warning:  Undefined array key "csrf_token" in /crm/public/generator_leadow.php on line 335
[09-Jan-2026 12:06:45 Europe/Warsaw] PHP Deprecated:  htmlspecialchars(): Passing null to parameter #1 ($string) of type string is deprecated in /crm/public/generator_leadow.php on line 335
[09-Jan-2026 12:06:45 Europe/Warsaw] PHP Warning:  Undefined array key "csrf_token" in /crm/public/generator_leadow.php on line 335
[09-Jan-2026 12:06:45 Europe/Warsaw] PHP Deprecated:  htmlspecialchars(): Passing null to parameter #1 ($string) of type string is deprecated in /crm/public/generator_leadow.php on line 335
[09-Jan-2026 12:06:45 Europe/Warsaw] PHP Warning:  Undefined array key "csrf_token" in /crm/public/generator_leadow.php on line 335
[09-Jan-2026 12:06:45 Europe/Warsaw] PHP Deprecated:  htmlspecialchars(): Passing null to parameter #1 ($string) of type string is deprecated in /crm/public/generator_leadow.php on line 335
[09-Jan-2026 12:06:45 Europe/Warsaw] PHP Warning:  Undefined array key "csrf_token" in /crm/public/generator_leadow.php on line 335
[09-Jan-2026 12:06:45 Europe/Warsaw] PHP Deprecated:  htmlspecialchars(): Passing null to parameter #1 ($string) of type string is deprecated in /crm/public/generator_leadow.php on line 335
[09-Jan-2026 12:06:45 Europe/Warsaw] PHP Warning:  Undefined array key "csrf_token" in /crm/public/generator_leadow.php on line 335
[09-Jan-2026 12:06:45 Europe/Warsaw] PHP Deprecated:  htmlspecialchars(): Passing null to parameter #1 ($string) of type string is deprecated in /crm/public/generator_leadow.php on line 335
[09-Jan-2026 12:06:45 Europe/Warsaw] PHP Warning:  Undefined array key "csrf_token" in /crm/public/generator_leadow.php on line 335
[09-Jan-2026 12:06:45 Europe/Warsaw] PHP Deprecated:  htmlspecialchars(): Passing null to parameter #1 ($string) of type string is deprecated in /crm/public/generator_leadow.php on line 335
[09-Jan-2026 12:06:45 Europe/Warsaw] PHP Warning:  Undefined array key "csrf_token" in /crm/public/generator_leadow.php on line 335
[09-Jan-2026 12:06:45 Europe/Warsaw] PHP Deprecated:  htmlspecialchars(): Passing null to parameter #1 ($string) of type string is deprecated in /crm/public/generator_leadow.php on line 335
[09-Jan-2026 12:06:45 Europe/Warsaw] PHP Warning:  Undefined array key "csrf_token" in /crm/public/generator_leadow.php on line 335
[09-Jan-2026 12:06:45 Europe/Warsaw] PHP Deprecated:  htmlspecialchars(): Passing null to parameter #1 ($string) of type string is deprecated in /crm/public/generator_leadow.php on line 335
[09-Jan-2026 12:06:45 Europe/Warsaw] PHP Warning:  Undefined array key "csrf_token" in /crm/public/generator_leadow.php on line 335
[09-Jan-2026 12:06:45 Europe/Warsaw] PHP Deprecated:  htmlspecialchars(): Passing null to parameter #1 ($string) of type string is deprecated in /crm/public/generator_leadow.php on line 335
[09-Jan-2026 12:06:45 Europe/Warsaw] PHP Warning:  Undefined array key "csrf_token" in /crm/public/generator_leadow.php on line 335
[09-Jan-2026 12:06:45 Europe/Warsaw] PHP Deprecated:  htmlspecialchars(): Passing null to parameter #1 ($string) of type string is deprecated in /crm/public/generator_leadow.php on line 335
[09-Jan-2026 12:06:45 Europe/Warsaw] PHP Warning:  Undefined array key "csrf_token" in /crm/public/generator_leadow.php on line 335
[09-Jan-2026 12:06:45 Europe/Warsaw] PHP Deprecated:  htmlspecialchars(): Passing null to parameter #1 ($string) of type string is deprecated in /crm/public/generator_leadow.php on line 335
[09-Jan-2026 12:06:45 Europe/Warsaw] PHP Warning:  Undefined array key "csrf_token" in /crm/public/generator_leadow.php on line 335
[09-Jan-2026 12:06:45 Europe/Warsaw] PHP Deprecated:  htmlspecialchars(): Passing null to parameter #1 ($string) of type string is deprecated in /crm/public/generator_leadow.php on line 335
[09-Jan-2026 12:06:45 Europe/Warsaw] PHP Warning:  Undefined array key "csrf_token" in /crm/public/generator_leadow.php on line 335
[09-Jan-2026 12:06:45 Europe/Warsaw] PHP Deprecated:  htmlspecialchars(): Passing null to parameter #1 ($string) of type string is deprecated in /crm/public/generator_leadow.php on line 335
[09-Jan-2026 12:06:45 Europe/Warsaw] PHP Warning:  Undefined array key "csrf_token" in /crm/public/generator_leadow.php on line 335
[09-Jan-2026 12:06:45 Europe/Warsaw] PHP Deprecated:  htmlspecialchars(): Passing null to parameter #1 ($string) of type string is deprecated in /crm/public/generator_leadow.php on line 335
[09-Jan-2026 12:06:45 Europe/Warsaw] PHP Warning:  Undefined array key "csrf_token" in /crm/public/generator_leadow.php on line 335
[09-Jan-2026 12:06:45 Europe/Warsaw] PHP Deprecated:  htmlspecialchars(): Passing null to parameter #1 ($string) of type string is deprecated in /crm/public/generator_leadow.php on line 335
[09-Jan-2026 12:06:45 Europe/Warsaw] PHP Warning:  Undefined array key "csrf_token" in /crm/public/generator_leadow.php on line 335
[09-Jan-2026 12:06:45 Europe/Warsaw] PHP Deprecated:  htmlspecialchars(): Passing null to parameter #1 ($string) of type string is deprecated in /crm/public/generator_leadow.php on line 335
[09-Jan-2026 12:06:45 Europe/Warsaw] PHP Warning:  Undefined array key "csrf_token" in /crm/public/generator_leadow.php on line 335
[09-Jan-2026 12:06:45 Europe/Warsaw] PHP Deprecated:  htmlspecialchars(): Passing null to parameter #1 ($string) of type string is deprecated in /crm/public/generator_leadow.php on line 335
[09-Jan-2026 12:06:45 Europe/Warsaw] PHP Warning:  Undefined array key "csrf_token" in /crm/public/generator_leadow.php on line 335
[09-Jan-2026 12:06:45 Europe/Warsaw] PHP Deprecated:  htmlspecialchars(): Passing null to parameter #1 ($string) of type string is deprecated in /crm/public/generator_leadow.php on line 335
[09-Jan-2026 12:06:45 Europe/Warsaw] PHP Warning:  Undefined array key "csrf_token" in /crm/public/generator_leadow.php on line 335
[09-Jan-2026 12:06:45 Europe/Warsaw] PHP Deprecated:  htmlspecialchars(): Passing null to parameter #1 ($string) of type string is deprecated in /crm/public/generator_leadow.php on line 335
[09-Jan-2026 12:06:45 Europe/Warsaw] PHP Warning:  Undefined array key "csrf_token" in /crm/public/generator_leadow.php on line 335
[09-Jan-2026 12:06:45 Europe/Warsaw] PHP Deprecated:  htmlspecialchars(): Passing null to parameter #1 ($string) of type string is deprecated in /crm/public/generator_leadow.php on line 335
[09-Jan-2026 12:06:45 Europe/Warsaw] PHP Warning:  Undefined array key "csrf_token" in /crm/public/generator_leadow.php on line 335
[09-Jan-2026 12:06:45 Europe/Warsaw] PHP Deprecated:  htmlspecialchars(): Passing null to parameter #1 ($string) of type string is deprecated in /crm/public/generator_leadow.php on line 335
[09-Jan-2026 12:06:45 Europe/Warsaw] PHP Warning:  Undefined array key "csrf_token" in /crm/public/generator_leadow.php on line 335
[09-Jan-2026 12:06:45 Europe/Warsaw] PHP Deprecated:  htmlspecialchars(): Passing null to parameter #1 ($string) of type string is deprecated in /crm/public/generator_leadow.php on line 335
[09-Jan-2026 12:06:45 Europe/Warsaw] PHP Warning:  Undefined array key "csrf_token" in /crm/public/generator_leadow.php on line 335
[09-Jan-2026 12:06:45 Europe/Warsaw] PHP Deprecated:  htmlspecialchars(): Passing null to parameter #1 ($string) of type string is deprecated in /crm/public/generator_leadow.php on line 335
[09-Jan-2026 12:06:45 Europe/Warsaw] PHP Warning:  Undefined array key "csrf_token" in /crm/public/generator_leadow.php on line 335
[09-Jan-2026 12:06:45 Europe/Warsaw] PHP Deprecated:  htmlspecialchars(): Passing null to parameter #1 ($string) of type string is deprecated in /crm/public/generator_leadow.php on line 335
[09-Jan-2026 12:06:45 Europe/Warsaw] PHP Warning:  Undefined array key "csrf_token" in /crm/public/generator_leadow.php on line 335
[09-Jan-2026 12:06:45 Europe/Warsaw] PHP Deprecated:  htmlspecialchars(): Passing null to parameter #1 ($string) of type string is deprecated in /crm/public/generator_leadow.php on line 335
[09-Jan-2026 12:06:45 Europe/Warsaw] PHP Warning:  Undefined array key "csrf_token" in /crm/public/generator_leadow.php on line 335
[09-Jan-2026 12:06:45 Europe/Warsaw] PHP Deprecated:  htmlspecialchars(): Passing null to parameter #1 ($string) of type string is deprecated in /crm/public/generator_leadow.php on line 335
[09-Jan-2026 12:06:45 Europe/Warsaw] PHP Warning:  Undefined array key "csrf_token" in /crm/public/generator_leadow.php on line 335
[09-Jan-2026 12:06:45 Europe/Warsaw] PHP Deprecated:  htmlspecialchars(): Passing null to parameter #1 ($string) of type string is deprecated in /crm/public/generator_leadow.php on line 335
[09-Jan-2026 12:06:45 Europe/Warsaw] PHP Warning:  Undefined array key "csrf_token" in /crm/public/generator_leadow.php on line 335
[09-Jan-2026 12:06:45 Europe/Warsaw] PHP Deprecated:  htmlspecialchars(): Passing null to parameter #1 ($string) of type string is deprecated in /crm/public/generator_leadow.php on line 335
[09-Jan-2026 12:06:45 Europe/Warsaw] PHP Warning:  Undefined array key "csrf_token" in /crm/public/generator_leadow.php on line 335
[09-Jan-2026 12:06:45 Europe/Warsaw] PHP Deprecated:  htmlspecialchars(): Passing null to parameter #1 ($string) of type string is deprecated in /crm/public/generator_leadow.php on line 335
[09-Jan-2026 12:06:45 Europe/Warsaw] PHP Warning:  Undefined array key "csrf_token" in /crm/public/generator_leadow.php on line 335
[09-Jan-2026 12:06:45 Europe/Warsaw] PHP Deprecated:  htmlspecialchars(): Passing null to parameter #1 ($string) of type string is deprecated in /crm/public/generator_leadow.php on line 335
[09-Jan-2026 12:06:45 Europe/Warsaw] PHP Warning:  Undefined array key "csrf_token" in /crm/public/generator_leadow.php on line 335
[09-Jan-2026 12:06:45 Europe/Warsaw] PHP Deprecated:  htmlspecialchars(): Passing null to parameter #1 ($string) of type string is deprecated in /crm/public/generator_leadow.php on line 335
[09-Jan-2026 12:06:45 Europe/Warsaw] PHP Warning:  Undefined array key "csrf_token" in /crm/public/generator_leadow.php on line 335
[09-Jan-2026 12:06:45 Europe/Warsaw] PHP Deprecated:  htmlspecialchars(): Passing null to parameter #1 ($string) of type string is deprecated in /crm/public/generator_leadow.php on line 335
[09-Jan-2026 12:06:45 Europe/Warsaw] PHP Warning:  Undefined array key "csrf_token" in /crm/public/generator_leadow.php on line 335
[09-Jan-2026 12:06:45 Europe/Warsaw] PHP Deprecated:  htmlspecialchars(): Passing null to parameter #1 ($string) of type string is deprecated in /crm/public/generator_leadow.php on line 335
[09-Jan-2026 12:06:45 Europe/Warsaw] PHP Warning:  Undefined array key "csrf_token" in /crm/public/generator_leadow.php on line 335
[09-Jan-2026 12:06:45 Europe/Warsaw] PHP Deprecated:  htmlspecialchars(): Passing null to parameter #1 ($string) of type string is deprecated in /crm/public/generator_leadow.php on line 335
[09-Jan-2026 12:06:45 Europe/Warsaw] PHP Warning:  Undefined array key "csrf_token" in /crm/public/generator_leadow.php on line 335
[09-Jan-2026 12:06:45 Europe/Warsaw] PHP Deprecated:  htmlspecialchars(): Passing null to parameter #1 ($string) of type string is deprecated in /crm/public/generator_leadow.php on line 335
[09-Jan-2026 12:06:45 Europe/Warsaw] PHP Warning:  Undefined array key "csrf_token" in /crm/public/generator_leadow.php on line 335
[09-Jan-2026 12:06:45 Europe/Warsaw] PHP Deprecated:  htmlspecialchars(): Passing null to parameter #1 ($string) of type string is deprecated in /crm/public/generator_leadow.php on line 335
[09-Jan-2026 12:06:45 Europe/Warsaw] PHP Warning:  Undefined array key "csrf_token" in /crm/public/generator_leadow.php on line 335
[09-Jan-2026 12:06:45 Europe/Warsaw] PHP Deprecated:  htmlspecialchars(): Passing null to parameter #1 ($string) of type string is deprecated in /crm/public/generator_leadow.php on line 335
[09-Jan-2026 12:06:45 Europe/Warsaw] PHP Warning:  Undefined array key "csrf_token" in /crm/public/generator_leadow.php on line 335
[09-Jan-2026 12:06:45 Europe/Warsaw] PHP Deprecated:  htmlspecialchars(): Passing null to parameter #1 ($string) of type string is deprecated in /crm/public/generator_leadow.php on line 335
[09-Jan-2026 12:06:45 Europe/Warsaw] PHP Warning:  Undefined array key "csrf_token" in /crm/public/generator_leadow.php on line 335
[09-Jan-2026 12:06:45 Europe/Warsaw] PHP Deprecated:  htmlspecialchars(): Passing null to parameter #1 ($string) of type string is deprecated in /crm/public/generator_leadow.php on line 335
[09-Jan-2026 12:06:45 Europe/Warsaw] PHP Warning:  Undefined array key "csrf_token" in /crm/public/generator_leadow.php on line 335
[09-Jan-2026 12:06:45 Europe/Warsaw] PHP Deprecated:  htmlspecialchars(): Passing null to parameter #1 ($string) of type string is deprecated in /crm/public/generator_leadow.php on line 335
[12-Jan-2026 12:34:39 Europe/Warsaw] PHP Warning:  Undefined array key "csrf_token" in /crm/public/generator_leadow.php on line 335
[12-Jan-2026 12:34:39 Europe/Warsaw] PHP Deprecated:  htmlspecialchars(): Passing null to parameter #1 ($string) of type string is deprecated in /crm/public/generator_leadow.php on line 335
[12-Jan-2026 12:34:39 Europe/Warsaw] PHP Warning:  Undefined array key "csrf_token" in /crm/public/generator_leadow.php on line 335
[12-Jan-2026 12:34:39 Europe/Warsaw] PHP Deprecated:  htmlspecialchars(): Passing null to parameter #1 ($string) of type string is deprecated in /crm/public/generator_leadow.php on line 335
[12-Jan-2026 12:34:39 Europe/Warsaw] PHP Warning:  Undefined array key "csrf_token" in /crm/public/generator_leadow.php on line 335
[12-Jan-2026 12:34:39 Europe/Warsaw] PHP Deprecated:  htmlspecialchars(): Passing null to parameter #1 ($string) of type string is deprecated in /crm/public/generator_leadow.php on line 335
[12-Jan-2026 12:34:39 Europe/Warsaw] PHP Warning:  Undefined array key "csrf_token" in /crm/public/generator_leadow.php on line 335
[12-Jan-2026 12:34:39 Europe/Warsaw] PHP Deprecated:  htmlspecialchars(): Passing null to parameter #1 ($string) of type string is deprecated in /crm/public/generator_leadow.php on line 335
[12-Jan-2026 12:34:39 Europe/Warsaw] PHP Warning:  Undefined array key "csrf_token" in /crm/public/generator_leadow.php on line 335
[12-Jan-2026 12:34:39 Europe/Warsaw] PHP Deprecated:  htmlspecialchars(): Passing null to parameter #1 ($string) of type string is deprecated in /crm/public/generator_leadow.php on line 335
[12-Jan-2026 12:34:39 Europe/Warsaw] PHP Warning:  Undefined array key "csrf_token" in /crm/public/generator_leadow.php on line 335
[12-Jan-2026 12:34:39 Europe/Warsaw] PHP Deprecated:  htmlspecialchars(): Passing null to parameter #1 ($string) of type string is deprecated in /crm/public/generator_leadow.php on line 335
[12-Jan-2026 12:34:39 Europe/Warsaw] PHP Warning:  Undefined array key "csrf_token" in /crm/public/generator_leadow.php on line 335
[12-Jan-2026 12:34:39 Europe/Warsaw] PHP Deprecated:  htmlspecialchars(): Passing null to parameter #1 ($string) of type string is deprecated in /crm/public/generator_leadow.php on line 335
[12-Jan-2026 12:34:39 Europe/Warsaw] PHP Warning:  Undefined array key "csrf_token" in /crm/public/generator_leadow.php on line 335
[12-Jan-2026 12:34:39 Europe/Warsaw] PHP Deprecated:  htmlspecialchars(): Passing null to parameter #1 ($string) of type string is deprecated in /crm/public/generator_leadow.php on line 335
[12-Jan-2026 12:34:39 Europe/Warsaw] PHP Warning:  Undefined array key "csrf_token" in /crm/public/generator_leadow.php on line 335
[12-Jan-2026 12:34:39 Europe/Warsaw] PHP Deprecated:  htmlspecialchars(): Passing null to parameter #1 ($string) of type string is deprecated in /crm/public/generator_leadow.php on line 335
[12-Jan-2026 12:34:39 Europe/Warsaw] PHP Warning:  Undefined array key "csrf_token" in /crm/public/generator_leadow.php on line 335
[12-Jan-2026 12:34:39 Europe/Warsaw] PHP Deprecated:  htmlspecialchars(): Passing null to parameter #1 ($string) of type string is deprecated in /crm/public/generator_leadow.php on line 335
[12-Jan-2026 12:34:39 Europe/Warsaw] PHP Warning:  Undefined array key "csrf_token" in /crm/public/generator_leadow.php on line 335
[12-Jan-2026 12:34:39 Europe/Warsaw] PHP Deprecated:  htmlspecialchars(): Passing null to parameter #1 ($string) of type string is deprecated in /crm/public/generator_leadow.php on line 335
[12-Jan-2026 12:34:39 Europe/Warsaw] PHP Warning:  Undefined array key "csrf_token" in /crm/public/generator_leadow.php on line 335
[12-Jan-2026 12:34:39 Europe/Warsaw] PHP Deprecated:  htmlspecialchars(): Passing null to parameter #1 ($string) of type string is deprecated in /crm/public/generator_leadow.php on line 335
[12-Jan-2026 12:34:39 Europe/Warsaw] PHP Warning:  Undefined array key "csrf_token" in /crm/public/generator_leadow.php on line 335
[12-Jan-2026 12:34:39 Europe/Warsaw] PHP Deprecated:  htmlspecialchars(): Passing null to parameter #1 ($string) of type string is deprecated in /crm/public/generator_leadow.php on line 335
[12-Jan-2026 12:34:39 Europe/Warsaw] PHP Warning:  Undefined array key "csrf_token" in /crm/public/generator_leadow.php on line 335
[12-Jan-2026 12:34:39 Europe/Warsaw] PHP Deprecated:  htmlspecialchars(): Passing null to parameter #1 ($string) of type string is deprecated in /crm/public/generator_leadow.php on line 335
[12-Jan-2026 12:34:39 Europe/Warsaw] PHP Warning:  Undefined array key "csrf_token" in /crm/public/generator_leadow.php on line 335
[12-Jan-2026 12:34:39 Europe/Warsaw] PHP Deprecated:  htmlspecialchars(): Passing null to parameter #1 ($string) of type string is deprecated in /crm/public/generator_leadow.php on line 335
[12-Jan-2026 12:34:39 Europe/Warsaw] PHP Warning:  Undefined array key "csrf_token" in /crm/public/generator_leadow.php on line 335
[12-Jan-2026 12:34:39 Europe/Warsaw] PHP Deprecated:  htmlspecialchars(): Passing null to parameter #1 ($string) of type string is deprecated in /crm/public/generator_leadow.php on line 335
[12-Jan-2026 12:34:39 Europe/Warsaw] PHP Warning:  Undefined array key "csrf_token" in /crm/public/generator_leadow.php on line 335
[12-Jan-2026 12:34:39 Europe/Warsaw] PHP Deprecated:  htmlspecialchars(): Passing null to parameter #1 ($string) of type string is deprecated in /crm/public/generator_leadow.php on line 335
[12-Jan-2026 12:34:39 Europe/Warsaw] PHP Warning:  Undefined array key "csrf_token" in /crm/public/generator_leadow.php on line 335
[12-Jan-2026 12:34:39 Europe/Warsaw] PHP Deprecated:  htmlspecialchars(): Passing null to parameter #1 ($string) of type string is deprecated in /crm/public/generator_leadow.php on line 335
[12-Jan-2026 12:34:39 Europe/Warsaw] PHP Warning:  Undefined array key "csrf_token" in /crm/public/generator_leadow.php on line 335
[12-Jan-2026 12:34:39 Europe/Warsaw] PHP Deprecated:  htmlspecialchars(): Passing null to parameter #1 ($string) of type string is deprecated in /crm/public/generator_leadow.php on line 335
[12-Jan-2026 12:34:39 Europe/Warsaw] PHP Warning:  Undefined array key "csrf_token" in /crm/public/generator_leadow.php on line 335
[12-Jan-2026 12:34:39 Europe/Warsaw] PHP Deprecated:  htmlspecialchars(): Passing null to parameter #1 ($string) of type string is deprecated in /crm/public/generator_leadow.php on line 335
[12-Jan-2026 12:34:39 Europe/Warsaw] PHP Warning:  Undefined array key "csrf_token" in /crm/public/generator_leadow.php on line 335
[12-Jan-2026 12:34:39 Europe/Warsaw] PHP Deprecated:  htmlspecialchars(): Passing null to parameter #1 ($string) of type string is deprecated in /crm/public/generator_leadow.php on line 335
[12-Jan-2026 12:34:39 Europe/Warsaw] PHP Warning:  Undefined array key "csrf_token" in /crm/public/generator_leadow.php on line 335
[12-Jan-2026 12:34:39 Europe/Warsaw] PHP Deprecated:  htmlspecialchars(): Passing null to parameter #1 ($string) of type string is deprecated in /crm/public/generator_leadow.php on line 335
[12-Jan-2026 12:34:39 Europe/Warsaw] PHP Warning:  Undefined array key "csrf_token" in /crm/public/generator_leadow.php on line 335
[12-Jan-2026 12:34:39 Europe/Warsaw] PHP Deprecated:  htmlspecialchars(): Passing null to parameter #1 ($string) of type string is deprecated in /crm/public/generator_leadow.php on line 335
[12-Jan-2026 12:34:39 Europe/Warsaw] PHP Warning:  Undefined array key "csrf_token" in /crm/public/generator_leadow.php on line 335
[12-Jan-2026 12:34:39 Europe/Warsaw] PHP Deprecated:  htmlspecialchars(): Passing null to parameter #1 ($string) of type string is deprecated in /crm/public/generator_leadow.php on line 335
[12-Jan-2026 12:34:39 Europe/Warsaw] PHP Warning:  Undefined array key "csrf_token" in /crm/public/generator_leadow.php on line 335
[12-Jan-2026 12:34:39 Europe/Warsaw] PHP Deprecated:  htmlspecialchars(): Passing null to parameter #1 ($string) of type string is deprecated in /crm/public/generator_leadow.php on line 335
[12-Jan-2026 12:34:39 Europe/Warsaw] PHP Warning:  Undefined array key "csrf_token" in /crm/public/generator_leadow.php on line 335
[12-Jan-2026 12:34:39 Europe/Warsaw] PHP Deprecated:  htmlspecialchars(): Passing null to parameter #1 ($string) of type string is deprecated in /crm/public/generator_leadow.php on line 335
[12-Jan-2026 12:34:39 Europe/Warsaw] PHP Warning:  Undefined array key "csrf_token" in /crm/public/generator_leadow.php on line 335
[12-Jan-2026 12:34:39 Europe/Warsaw] PHP Deprecated:  htmlspecialchars(): Passing null to parameter #1 ($string) of type string is deprecated in /crm/public/generator_leadow.php on line 335
[12-Jan-2026 12:34:39 Europe/Warsaw] PHP Warning:  Undefined array key "csrf_token" in /crm/public/generator_leadow.php on line 335
[12-Jan-2026 12:34:39 Europe/Warsaw] PHP Deprecated:  htmlspecialchars(): Passing null to parameter #1 ($string) of type string is deprecated in /crm/public/generator_leadow.php on line 335
[12-Jan-2026 12:34:39 Europe/Warsaw] PHP Warning:  Undefined array key "csrf_token" in /crm/public/generator_leadow.php on line 335
[12-Jan-2026 12:34:39 Europe/Warsaw] PHP Deprecated:  htmlspecialchars(): Passing null to parameter #1 ($string) of type string is deprecated in /crm/public/generator_leadow.php on line 335
[12-Jan-2026 12:34:39 Europe/Warsaw] PHP Warning:  Undefined array key "csrf_token" in /crm/public/generator_leadow.php on line 335
[12-Jan-2026 12:34:39 Europe/Warsaw] PHP Deprecated:  htmlspecialchars(): Passing null to parameter #1 ($string) of type string is deprecated in /crm/public/generator_leadow.php on line 335
[12-Jan-2026 12:34:39 Europe/Warsaw] PHP Warning:  Undefined array key "csrf_token" in /crm/public/generator_leadow.php on line 335
[12-Jan-2026 12:34:39 Europe/Warsaw] PHP Deprecated:  htmlspecialchars(): Passing null to parameter #1 ($string) of type string is deprecated in /crm/public/generator_leadow.php on line 335
[12-Jan-2026 12:34:39 Europe/Warsaw] PHP Warning:  Undefined array key "csrf_token" in /crm/public/generator_leadow.php on line 335
[12-Jan-2026 12:34:39 Europe/Warsaw] PHP Deprecated:  htmlspecialchars(): Passing null to parameter #1 ($string) of type string is deprecated in /crm/public/generator_leadow.php on line 335
[12-Jan-2026 12:34:39 Europe/Warsaw] PHP Warning:  Undefined array key "csrf_token" in /crm/public/generator_leadow.php on line 335
[12-Jan-2026 12:34:39 Europe/Warsaw] PHP Deprecated:  htmlspecialchars(): Passing null to parameter #1 ($string) of type string is deprecated in /crm/public/generator_leadow.php on line 335
[12-Jan-2026 12:34:39 Europe/Warsaw] PHP Warning:  Undefined array key "csrf_token" in /crm/public/generator_leadow.php on line 335
[12-Jan-2026 12:34:39 Europe/Warsaw] PHP Deprecated:  htmlspecialchars(): Passing null to parameter #1 ($string) of type string is deprecated in /crm/public/generator_leadow.php on line 335
[12-Jan-2026 12:34:39 Europe/Warsaw] PHP Warning:  Undefined array key "csrf_token" in /crm/public/generator_leadow.php on line 335
[12-Jan-2026 12:34:39 Europe/Warsaw] PHP Deprecated:  htmlspecialchars(): Passing null to parameter #1 ($string) of type string is deprecated in /crm/public/generator_leadow.php on line 335
[12-Jan-2026 12:34:39 Europe/Warsaw] PHP Warning:  Undefined array key "csrf_token" in /crm/public/generator_leadow.php on line 335
[12-Jan-2026 12:34:39 Europe/Warsaw] PHP Deprecated:  htmlspecialchars(): Passing null to parameter #1 ($string) of type string is deprecated in /crm/public/generator_leadow.php on line 335
[12-Jan-2026 12:34:39 Europe/Warsaw] PHP Warning:  Undefined array key "csrf_token" in /crm/public/generator_leadow.php on line 335
[12-Jan-2026 12:34:39 Europe/Warsaw] PHP Deprecated:  htmlspecialchars(): Passing null to parameter #1 ($string) of type string is deprecated in /crm/public/generator_leadow.php on line 335
[12-Jan-2026 12:34:39 Europe/Warsaw] PHP Warning:  Undefined array key "csrf_token" in /crm/public/generator_leadow.php on line 335
[12-Jan-2026 12:34:39 Europe/Warsaw] PHP Deprecated:  htmlspecialchars(): Passing null to parameter #1 ($string) of type string is deprecated in /crm/public/generator_leadow.php on line 335
[12-Jan-2026 12:34:39 Europe/Warsaw] PHP Warning:  Undefined array key "csrf_token" in /crm/public/generator_leadow.php on line 335
[12-Jan-2026 12:34:39 Europe/Warsaw] PHP Deprecated:  htmlspecialchars(): Passing null to parameter #1 ($string) of type string is deprecated in /crm/public/generator_leadow.php on line 335
[12-Jan-2026 12:34:39 Europe/Warsaw] PHP Warning:  Undefined array key "csrf_token" in /crm/public/generator_leadow.php on line 335
[12-Jan-2026 12:34:39 Europe/Warsaw] PHP Deprecated:  htmlspecialchars(): Passing null to parameter #1 ($string) of type string is deprecated in /crm/public/generator_leadow.php on line 335
[12-Jan-2026 12:34:39 Europe/Warsaw] PHP Warning:  Undefined array key "csrf_token" in /crm/public/generator_leadow.php on line 335
[12-Jan-2026 12:34:39 Europe/Warsaw] PHP Deprecated:  htmlspecialchars(): Passing null to parameter #1 ($string) of type string is deprecated in /crm/public/generator_leadow.php on line 335
[12-Jan-2026 12:34:39 Europe/Warsaw] PHP Warning:  Undefined array key "csrf_token" in /crm/public/generator_leadow.php on line 335
[12-Jan-2026 12:34:39 Europe/Warsaw] PHP Deprecated:  htmlspecialchars(): Passing null to parameter #1 ($string) of type string is deprecated in /crm/public/generator_leadow.php on line 335
[12-Jan-2026 12:34:39 Europe/Warsaw] PHP Warning:  Undefined array key "csrf_token" in /crm/public/generator_leadow.php on line 335
[12-Jan-2026 12:34:39 Europe/Warsaw] PHP Deprecated:  htmlspecialchars(): Passing null to parameter #1 ($string) of type string is deprecated in /crm/public/generator_leadow.php on line 335
[12-Jan-2026 12:34:39 Europe/Warsaw] PHP Warning:  Undefined array key "csrf_token" in /crm/public/generator_leadow.php on line 335
[12-Jan-2026 12:34:39 Europe/Warsaw] PHP Deprecated:  htmlspecialchars(): Passing null to parameter #1 ($string) of type string is deprecated in /crm/public/generator_leadow.php on line 335
[12-Jan-2026 12:34:39 Europe/Warsaw] PHP Warning:  Undefined array key "csrf_token" in /crm/public/generator_leadow.php on line 335
[12-Jan-2026 12:34:39 Europe/Warsaw] PHP Deprecated:  htmlspecialchars(): Passing null to parameter #1 ($string) of type string is deprecated in /crm/public/generator_leadow.php on line 335
[12-Jan-2026 12:34:39 Europe/Warsaw] PHP Warning:  Undefined array key "csrf_token" in /crm/public/generator_leadow.php on line 335
[12-Jan-2026 12:34:39 Europe/Warsaw] PHP Deprecated:  htmlspecialchars(): Passing null to parameter #1 ($string) of type string is deprecated in /crm/public/generator_leadow.php on line 335
[12-Jan-2026 12:34:39 Europe/Warsaw] PHP Warning:  Undefined array key "csrf_token" in /crm/public/generator_leadow.php on line 335
[12-Jan-2026 12:34:39 Europe/Warsaw] PHP Deprecated:  htmlspecialchars(): Passing null to parameter #1 ($string) of type string is deprecated in /crm/public/generator_leadow.php on line 335
[12-Jan-2026 12:34:39 Europe/Warsaw] PHP Warning:  Undefined array key "csrf_token" in /crm/public/generator_leadow.php on line 335
[12-Jan-2026 12:34:39 Europe/Warsaw] PHP Deprecated:  htmlspecialchars(): Passing null to parameter #1 ($string) of type string is deprecated in /crm/public/generator_leadow.php on line 335
[12-Jan-2026 12:34:39 Europe/Warsaw] PHP Warning:  Undefined array key "csrf_token" in /crm/public/generator_leadow.php on line 335
[12-Jan-2026 12:34:39 Europe/Warsaw] PHP Deprecated:  htmlspecialchars(): Passing null to parameter #1 ($string) of type string is deprecated in /crm/public/generator_leadow.php on line 335
[12-Jan-2026 12:34:39 Europe/Warsaw] PHP Warning:  Undefined array key "csrf_token" in /crm/public/generator_leadow.php on line 335
[12-Jan-2026 12:34:39 Europe/Warsaw] PHP Deprecated:  htmlspecialchars(): Passing null to parameter #1 ($string) of type string is deprecated in /crm/public/generator_leadow.php on line 335
[12-Jan-2026 12:34:39 Europe/Warsaw] PHP Warning:  Undefined array key "csrf_token" in /crm/public/generator_leadow.php on line 335
[12-Jan-2026 12:34:39 Europe/Warsaw] PHP Deprecated:  htmlspecialchars(): Passing null to parameter #1 ($string) of type string is deprecated in /crm/public/generator_leadow.php on line 335
[12-Jan-2026 12:34:39 Europe/Warsaw] PHP Warning:  Undefined array key "csrf_token" in /crm/public/generator_leadow.php on line 335
[12-Jan-2026 12:34:39 Europe/Warsaw] PHP Deprecated:  htmlspecialchars(): Passing null to parameter #1 ($string) of type string is deprecated in /crm/public/generator_leadow.php on line 335
[12-Jan-2026 12:34:39 Europe/Warsaw] PHP Warning:  Undefined array key "csrf_token" in /crm/public/generator_leadow.php on line 335
[12-Jan-2026 12:34:39 Europe/Warsaw] PHP Deprecated:  htmlspecialchars(): Passing null to parameter #1 ($string) of type string is deprecated in /crm/public/generator_leadow.php on line 335
[12-Jan-2026 12:34:39 Europe/Warsaw] PHP Warning:  Undefined array key "csrf_token" in /crm/public/generator_leadow.php on line 335
[12-Jan-2026 12:34:39 Europe/Warsaw] PHP Deprecated:  htmlspecialchars(): Passing null to parameter #1 ($string) of type string is deprecated in /crm/public/generator_leadow.php on line 335
[12-Jan-2026 12:34:39 Europe/Warsaw] PHP Warning:  Undefined array key "csrf_token" in /crm/public/generator_leadow.php on line 335
[12-Jan-2026 12:34:39 Europe/Warsaw] PHP Deprecated:  htmlspecialchars(): Passing null to parameter #1 ($string) of type string is deprecated in /crm/public/generator_leadow.php on line 335
[12-Jan-2026 12:34:39 Europe/Warsaw] PHP Warning:  Undefined array key "csrf_token" in /crm/public/generator_leadow.php on line 335
[12-Jan-2026 12:34:39 Europe/Warsaw] PHP Deprecated:  htmlspecialchars(): Passing null to parameter #1 ($string) of type string is deprecated in /crm/public/generator_leadow.php on line 335
[12-Jan-2026 12:34:39 Europe/Warsaw] PHP Warning:  Undefined array key "csrf_token" in /crm/public/generator_leadow.php on line 335
[12-Jan-2026 12:34:39 Europe/Warsaw] PHP Deprecated:  htmlspecialchars(): Passing null to parameter #1 ($string) of type string is deprecated in /crm/public/generator_leadow.php on line 335
[12-Jan-2026 12:34:39 Europe/Warsaw] PHP Warning:  Undefined array key "csrf_token" in /crm/public/generator_leadow.php on line 335
[12-Jan-2026 12:34:39 Europe/Warsaw] PHP Deprecated:  htmlspecialchars(): Passing null to parameter #1 ($string) of type string is deprecated in /crm/public/generator_leadow.php on line 335
[12-Jan-2026 12:34:39 Europe/Warsaw] PHP Warning:  Undefined array key "csrf_token" in /crm/public/generator_leadow.php on line 335
[12-Jan-2026 12:34:39 Europe/Warsaw] PHP Deprecated:  htmlspecialchars(): Passing null to parameter #1 ($string) of type string is deprecated in /crm/public/generator_leadow.php on line 335
[12-Jan-2026 12:34:39 Europe/Warsaw] PHP Warning:  Undefined array key "csrf_token" in /crm/public/generator_leadow.php on line 335
[12-Jan-2026 12:34:39 Europe/Warsaw] PHP Deprecated:  htmlspecialchars(): Passing null to parameter #1 ($string) of type string is deprecated in /crm/public/generator_leadow.php on line 335
[16-Jan-2026 23:13:31 Europe/Warsaw] [MAIL_SAVE][mailcfg_696ab80b99c627.88265177] Brak MAIL_SECRET_KEY. Uzupelnij konfiguracje systemu.
[16-Jan-2026 23:13:31 Europe/Warsaw] #0 /crm/public/includes/crypto.php(95): mailSecretKey()
#1 /crm/public/uzytkownicy.php(817): encryptMailSecret()
#2 {main}
[19-Jan-2026 21:53:41 Europe/Warsaw] [MAIL_DEBUG] uid=1 rows=0 first_id=0 active=0
[19-Jan-2026 21:53:41 Europe/Warsaw] MAIL_GET user_id=1 found=0 (id=- active=0)
[19-Jan-2026 21:54:47 Europe/Warsaw] [MAIL_DEBUG] uid=2 rows=0 first_id=0 active=0
[19-Jan-2026 21:54:47 Europe/Warsaw] MAIL_GET user_id=2 found=0 (id=- active=0)
[21-Jan-2026 23:55:40 Europe/Warsaw] [MAIL_DEBUG] uid=1 rows=0 first_id=0 active=0
[21-Jan-2026 23:55:40 Europe/Warsaw] MAIL_GET user_id=1 found=0 (id=- active=0)
